{
  "stats": {
    "suites": 2,
    "tests": 2,
    "passes": 2,
    "pending": 0,
    "failures": 0,
    "start": "2019-02-28T21:03:36.725Z",
    "end": "2019-02-28T21:03:37.624Z",
    "duration": 899,
    "testsRegistered": 2,
    "passPercent": 100,
    "pendingPercent": 0,
    "other": 0,
    "hasOther": false,
    "skipped": 0,
    "hasSkipped": false,
    "passPercentClass": "success",
    "pendingPercentClass": "danger"
  },
  "suites": {
    "uuid": "bbd09f28-1b46-4e87-bab8-6843ff801092",
    "title": "",
    "fullFile": "",
    "file": "",
    "beforeHooks": [],
    "afterHooks": [],
    "tests": [],
    "suites": [
      {
        "uuid": "8ab0e8dc-ba8a-4473-ba14-1b939058b3c7",
        "title": "getTime()",
        "fullFile": "C:\\Users\\Ben\\OneDrive\\Documents\\Dev\\node-getWeather\\app\\test\\app.test.js",
        "file": "\\app\\test\\app.test.js",
        "beforeHooks": [],
        "afterHooks": [],
        "tests": [
          {
            "title": "should get current time info for location",
            "fullTitle": "getTime() should get current time info for location",
            "timedOut": false,
            "duration": 266,
            "state": "passed",
            "speed": "slow",
            "pass": true,
            "fail": false,
            "pending": false,
            "code": "const location = \"London\"  \nconst res = await getTime(location)\nexpect(res).to.exist\nexpect(res.data.request[0].query).to.equal(location)",
            "err": {},
            "isRoot": false,
            "uuid": "27eba1b7-2429-4e45-882d-b840a949c980",
            "isHook": false,
            "skipped": false
          }
        ],
        "suites": [],
        "passes": [
          "27eba1b7-2429-4e45-882d-b840a949c980"
        ],
        "failures": [],
        "pending": [],
        "skipped": [],
        "duration": 266,
        "root": false,
        "rootEmpty": false,
        "_timeout": 10000
      },
      {
        "uuid": "2f7ab0e3-cb09-4a97-935b-f9a6451c329b",
        "title": "getWeather()",
        "fullFile": "C:\\Users\\Ben\\OneDrive\\Documents\\Dev\\node-getWeather\\app\\test\\app.test.js",
        "file": "\\app\\test\\app.test.js",
        "beforeHooks": [],
        "afterHooks": [],
        "tests": [
          {
            "title": "should get current weather info for location",
            "fullTitle": "getWeather() should get current weather info for location",
            "timedOut": false,
            "duration": 616,
            "state": "passed",
            "speed": "slow",
            "pass": true,
            "fail": false,
            "pending": false,
            "code": "const location = \"London\"\nconst res = await getWeatherData(location)\nexpect(res).to.exist\nexpect(res.data.current_condition[0].temp_C).to.be.a('string')",
            "err": {},
            "isRoot": false,
            "uuid": "9ca11045-c7d8-4f82-88ba-75efcfb8dcf9",
            "isHook": false,
            "skipped": false
          }
        ],
        "suites": [],
        "passes": [
          "9ca11045-c7d8-4f82-88ba-75efcfb8dcf9"
        ],
        "failures": [],
        "pending": [],
        "skipped": [],
        "duration": 616,
        "root": false,
        "rootEmpty": false,
        "_timeout": 10000
      }
    ],
    "passes": [],
    "failures": [],
    "pending": [],
    "skipped": [],
    "duration": 0,
    "root": true,
    "rootEmpty": true,
    "_timeout": 10000
  },
  "copyrightYear": 2019
}